[debug] [2021-06-12T10:06:47.566Z] ----------------------------------------------------------------------
[debug] [2021-06-12T10:06:47.571Z] Command:       /usr/bin/node /usr/local/bin/firebase init
[debug] [2021-06-12T10:06:47.571Z] CLI Version:   9.12.1
[debug] [2021-06-12T10:06:47.571Z] Platform:      linux
[debug] [2021-06-12T10:06:47.571Z] Node Version:  v12.18.3
[debug] [2021-06-12T10:06:47.579Z] Time:          Sat Jun 12 2021 15:36:47 GMT+0530 (India Standard Time)
[debug] [2021-06-12T10:06:47.579Z] ----------------------------------------------------------------------
[debug] 
[debug] [2021-06-12T10:06:47.591Z] > command requires scopes: ["email","openid","https://www.googleapis.com/auth/cloudplatformprojects.readonly","https://www.googleapis.com/auth/firebase","https://www.googleapis.com/auth/cloud-platform"]
[debug] [2021-06-12T10:06:47.592Z] > authorizing via signed-in user (priyanshimeghwani@gmail.com)
[info] 
     ######## #### ########  ######## ########     ###     ######  ########
     ##        ##  ##     ## ##       ##     ##  ##   ##  ##       ##
     ######    ##  ########  ######   ########  #########  ######  ######
     ##        ##  ##    ##  ##       ##     ## ##     ##       ## ##
     ##       #### ##     ## ######## ########  ##     ##  ######  ########

You're about to initialize a Firebase project in this directory:

  /home/valerie/Desktop/react/whatsapp_clone

Before we get started, keep in mind:

  * You are initializing in an existing Firebase project directory

[info] 
=== Project Setup
[info] 
[info] First, let's associate this project directory with a Firebase project.
[info] You can create multiple project aliases by running firebase use --add, 
[info] but for now we'll just set up a default project.
[info] 
[info] i  .firebaserc already has a default project, using whatsapp-clone-36226. 
[debug] [2021-06-12T10:06:58.194Z] > refreshing access token with scopes: []
[debug] [2021-06-12T10:06:58.195Z] >>> HTTP REQUEST POST https://www.googleapis.com/oauth2/v3/token  
 <request body omitted>
[debug] [2021-06-12T10:06:58.281Z] Authentication Error: Your credentials are no longer valid. Please run firebase login --reauth

For CI servers and headless environments, generate a new token with firebase login:ci
[debug] [2021-06-12T10:06:58.293Z] FirebaseError: Authentication Error: Your credentials are no longer valid. Please run firebase login --reauth

For CI servers and headless environments, generate a new token with firebase login:ci
    at invalidCredentialError (/usr/local/lib/node_modules/firebase-tools/lib/auth.js:141:12)
    at refreshTokens (/usr/local/lib/node_modules/firebase-tools/lib/auth.js:448:15)
    at processTicksAndRejections (internal/process/task_queues.js:97:5)
[error] 
[error] Error: Failed to get Firebase project whatsapp-clone-36226. Please make sure the project exists and your account has permission to access it.
[debug] [2021-06-12T10:09:59.862Z] ----------------------------------------------------------------------
[debug] [2021-06-12T10:09:59.866Z] Command:       /usr/bin/node /usr/local/bin/firebase init
[debug] [2021-06-12T10:09:59.867Z] CLI Version:   9.12.1
[debug] [2021-06-12T10:09:59.867Z] Platform:      linux
[debug] [2021-06-12T10:09:59.867Z] Node Version:  v12.18.3
[debug] [2021-06-12T10:09:59.868Z] Time:          Sat Jun 12 2021 15:39:59 GMT+0530 (India Standard Time)
[debug] [2021-06-12T10:09:59.868Z] ----------------------------------------------------------------------
[debug] 
[debug] [2021-06-12T10:09:59.877Z] > command requires scopes: ["email","openid","https://www.googleapis.com/auth/cloudplatformprojects.readonly","https://www.googleapis.com/auth/firebase","https://www.googleapis.com/auth/cloud-platform"]
[debug] [2021-06-12T10:09:59.877Z] > authorizing via signed-in user (priyanshimeghwani@gmail.com)
[info] 
     ######## #### ########  ######## ########     ###     ######  ########
     ##        ##  ##     ## ##       ##     ##  ##   ##  ##       ##
     ######    ##  ########  ######   ########  #########  ######  ######
     ##        ##  ##    ##  ##       ##     ## ##     ##       ## ##
     ##       #### ##     ## ######## ########  ##     ##  ######  ########

You're about to initialize a Firebase project in this directory:

  /home/valerie/Desktop/react/whatsapp_clone

Before we get started, keep in mind:

  * You are initializing in an existing Firebase project directory

[info] 
=== Project Setup
[info] 
[info] First, let's associate this project directory with a Firebase project.
[info] You can create multiple project aliases by running firebase use --add, 
[info] but for now we'll just set up a default project.
[info] 
[debug] [2021-06-12T10:10:05.082Z] > refreshing access token with scopes: []
[debug] [2021-06-12T10:10:05.084Z] >>> HTTP REQUEST POST https://www.googleapis.com/oauth2/v3/token  
 <request body omitted>
[debug] [2021-06-12T10:10:05.158Z] Authentication Error: Your credentials are no longer valid. Please run firebase login --reauth

For CI servers and headless environments, generate a new token with firebase login:ci
[debug] [2021-06-12T10:10:05.169Z] FirebaseError: Authentication Error: Your credentials are no longer valid. Please run firebase login --reauth

For CI servers and headless environments, generate a new token with firebase login:ci
    at invalidCredentialError (/usr/local/lib/node_modules/firebase-tools/lib/auth.js:141:12)
    at refreshTokens (/usr/local/lib/node_modules/firebase-tools/lib/auth.js:448:15)
    at processTicksAndRejections (internal/process/task_queues.js:97:5)
[error] 
[error] Error: Failed to get Firebase project whatsapp-clone-36226. Please make sure the project exists and your account has permission to access it.
